
2010/04/06 10:45:02 [trace] [system.web.CModule] Loading "log" application component
in /home/ata/Project/jabatan/index.php (13)
2010/04/06 10:45:02 [trace] [system.web.CModule] Loading "request" application component
in /home/ata/Project/jabatan/index.php (13)
2010/04/06 10:45:02 [trace] [system.web.CModule] Loading "urlManager" application component
in /home/ata/Project/jabatan/index.php (13)
2010/04/06 10:45:02 [trace] [system.web.filters.CFilterChain] Running filter UnsurController.filteraccessControl()
in /home/ata/Project/jabatan/index.php (13)
2010/04/06 10:45:02 [trace] [system.web.CModule] Loading "user" application component
in /home/ata/Project/jabatan/index.php (13)
2010/04/06 10:45:02 [trace] [system.web.CModule] Loading "session" application component
in /home/ata/Project/jabatan/index.php (13)
2010/04/06 10:45:02 [trace] [system.web.CModule] Loading "db" application component
in /home/ata/Project/jabatan/framework/zii/widgets/CBaseListView.php (99)
in /home/ata/Project/jabatan/framework/zii/widgets/CListView.php (151)
in /home/ata/Project/jabatan/protected/views/unsur/index.php (17)
2010/04/06 10:45:02 [trace] [system.db.CDbConnection] Opening DB connection
in /home/ata/Project/jabatan/framework/zii/widgets/CBaseListView.php (99)
in /home/ata/Project/jabatan/framework/zii/widgets/CListView.php (151)
in /home/ata/Project/jabatan/protected/views/unsur/index.php (17)
2010/04/06 10:45:02 [trace] [system.db.CDbCommand] Querying SQL: SHOW COLUMNS FROM `unsur`
in /home/ata/Project/jabatan/framework/zii/widgets/CBaseListView.php (99)
in /home/ata/Project/jabatan/framework/zii/widgets/CListView.php (151)
in /home/ata/Project/jabatan/protected/views/unsur/index.php (17)
2010/04/06 10:45:02 [profile] [system.db.CDbCommand.query] begin:system.db.CDbCommand.query(SHOW COLUMNS FROM `unsur`)
in /home/ata/Project/jabatan/framework/zii/widgets/CBaseListView.php (99)
in /home/ata/Project/jabatan/framework/zii/widgets/CListView.php (151)
in /home/ata/Project/jabatan/protected/views/unsur/index.php (17)
2010/04/06 10:45:02 [profile] [system.db.CDbCommand.query] end:system.db.CDbCommand.query(SHOW COLUMNS FROM `unsur`)
in /home/ata/Project/jabatan/framework/zii/widgets/CBaseListView.php (99)
in /home/ata/Project/jabatan/framework/zii/widgets/CListView.php (151)
in /home/ata/Project/jabatan/protected/views/unsur/index.php (17)
2010/04/06 10:45:02 [trace] [system.db.CDbCommand] Querying SQL: SHOW CREATE TABLE `unsur`
in /home/ata/Project/jabatan/framework/zii/widgets/CBaseListView.php (99)
in /home/ata/Project/jabatan/framework/zii/widgets/CListView.php (151)
in /home/ata/Project/jabatan/protected/views/unsur/index.php (17)
2010/04/06 10:45:02 [profile] [system.db.CDbCommand.query] begin:system.db.CDbCommand.query(SHOW CREATE TABLE `unsur`)
in /home/ata/Project/jabatan/framework/zii/widgets/CBaseListView.php (99)
in /home/ata/Project/jabatan/framework/zii/widgets/CListView.php (151)
in /home/ata/Project/jabatan/protected/views/unsur/index.php (17)
2010/04/06 10:45:02 [profile] [system.db.CDbCommand.query] end:system.db.CDbCommand.query(SHOW CREATE TABLE `unsur`)
in /home/ata/Project/jabatan/framework/zii/widgets/CBaseListView.php (99)
in /home/ata/Project/jabatan/framework/zii/widgets/CListView.php (151)
in /home/ata/Project/jabatan/protected/views/unsur/index.php (17)
2010/04/06 10:45:02 [trace] [system.db.ar.CActiveRecord] Unsur.count()
in /home/ata/Project/jabatan/framework/zii/widgets/CBaseListView.php (99)
in /home/ata/Project/jabatan/framework/zii/widgets/CListView.php (151)
in /home/ata/Project/jabatan/protected/views/unsur/index.php (17)
2010/04/06 10:45:02 [trace] [system.db.CDbCommand] Querying SQL: SELECT COUNT(*) FROM `unsur` `t`
in /home/ata/Project/jabatan/framework/zii/widgets/CBaseListView.php (99)
in /home/ata/Project/jabatan/framework/zii/widgets/CListView.php (151)
in /home/ata/Project/jabatan/protected/views/unsur/index.php (17)
2010/04/06 10:45:02 [profile] [system.db.CDbCommand.query] begin:system.db.CDbCommand.query(SELECT COUNT(*) FROM `unsur` `t`)
in /home/ata/Project/jabatan/framework/zii/widgets/CBaseListView.php (99)
in /home/ata/Project/jabatan/framework/zii/widgets/CListView.php (151)
in /home/ata/Project/jabatan/protected/views/unsur/index.php (17)
2010/04/06 10:45:02 [profile] [system.db.CDbCommand.query] end:system.db.CDbCommand.query(SELECT COUNT(*) FROM `unsur` `t`)
in /home/ata/Project/jabatan/framework/zii/widgets/CBaseListView.php (99)
in /home/ata/Project/jabatan/framework/zii/widgets/CListView.php (151)
in /home/ata/Project/jabatan/protected/views/unsur/index.php (17)
2010/04/06 10:45:02 [trace] [system.db.ar.CActiveRecord] Unsur.findAll()
in /home/ata/Project/jabatan/framework/zii/widgets/CBaseListView.php (99)
in /home/ata/Project/jabatan/framework/zii/widgets/CListView.php (151)
in /home/ata/Project/jabatan/protected/views/unsur/index.php (17)
2010/04/06 10:45:02 [trace] [system.db.CDbCommand] Querying SQL: SELECT * FROM `unsur` `t` LIMIT 10
in /home/ata/Project/jabatan/framework/zii/widgets/CBaseListView.php (99)
in /home/ata/Project/jabatan/framework/zii/widgets/CListView.php (151)
in /home/ata/Project/jabatan/protected/views/unsur/index.php (17)
2010/04/06 10:45:02 [profile] [system.db.CDbCommand.query] begin:system.db.CDbCommand.query(SELECT * FROM `unsur` `t` LIMIT 10)
in /home/ata/Project/jabatan/framework/zii/widgets/CBaseListView.php (99)
in /home/ata/Project/jabatan/framework/zii/widgets/CListView.php (151)
in /home/ata/Project/jabatan/protected/views/unsur/index.php (17)
2010/04/06 10:45:02 [profile] [system.db.CDbCommand.query] end:system.db.CDbCommand.query(SELECT * FROM `unsur` `t` LIMIT 10)
in /home/ata/Project/jabatan/framework/zii/widgets/CBaseListView.php (99)
in /home/ata/Project/jabatan/framework/zii/widgets/CListView.php (151)
in /home/ata/Project/jabatan/protected/views/unsur/index.php (17)
2010/04/06 10:45:02 [trace] [system.web.CModule] Loading "assetManager" application component
in /home/ata/Project/jabatan/framework/zii/widgets/CListView.php (157)
in /home/ata/Project/jabatan/protected/views/unsur/index.php (17)
in /home/ata/Project/jabatan/protected/controllers/UnsurController.php (135)
2010/04/06 10:45:02 [trace] [system.web.CModule] Loading "clientScript" application component
in /home/ata/Project/jabatan/framework/zii/widgets/CListView.php (163)
in /home/ata/Project/jabatan/protected/views/unsur/index.php (17)
in /home/ata/Project/jabatan/protected/controllers/UnsurController.php (135)
2010/04/06 10:45:02 [trace] [system.web.CModule] Loading "messages" application component
in /home/ata/Project/jabatan/framework/zii/widgets/CBaseListView.php (197)
in /home/ata/Project/jabatan/framework/zii/widgets/CBaseListView.php (152)
in /home/ata/Project/jabatan/framework/zii/widgets/CBaseListView.php (135)
2010/04/06 10:45:02 [trace] [system.web.CModule] Loading "coreMessages" application component
in /home/ata/Project/jabatan/framework/zii/widgets/CBaseListView.php (247)
in /home/ata/Project/jabatan/framework/zii/widgets/CBaseListView.php (152)
in /home/ata/Project/jabatan/framework/zii/widgets/CBaseListView.php (135)
2010/04/06 19:16:00 [error] [exception.CException] exception 'CException' with message 'Property "CUrlManager.0" is not defined.' in /home/ata/Project/jabatan/framework/base/CComponent.php:173
Stack trace:
#0 /home/ata/Project/jabatan/framework/YiiBase.php(208): CComponent->__set('0', 'showScriptName')
#1 /home/ata/Project/jabatan/framework/base/CModule.php(351): YiiBase::createComponent(Array)
#2 /home/ata/Project/jabatan/framework/base/CApplication.php(455): CModule->getComponent('urlManager')
#3 /home/ata/Project/jabatan/framework/web/CWebApplication.php(119): CApplication->getUrlManager()
#4 /home/ata/Project/jabatan/framework/base/CApplication.php(135): CWebApplication->processRequest()
#5 /home/ata/Project/jabatan/index.php(13): CApplication->run()
#6 {main} REQUEST_URI=/Project/jabatan/
2010/04/06 19:22:04 [error] [exception.CException] exception 'CException' with message 'Property "KenaikanJabatan.jenis_dupak_id" is not defined.' in /home/ata/Project/jabatan/framework/base/CComponent.php:131
Stack trace:
#0 /home/ata/Project/jabatan/framework/db/ar/CActiveRecord.php(107): CComponent->__get('jenis_dupak_id')
#1 /home/ata/Project/jabatan/framework/web/helpers/CHtml.php(1322): CActiveRecord->__get('jenis_dupak_id')
#2 /home/ata/Project/jabatan/framework/web/widgets/CActiveForm.php(450): CHtml::activeDropDownList(Object(KenaikanJabatan), 'jenis_dupak_id', Array, Array)
#3 /home/ata/Project/jabatan/protected/views/kenaikanJabatan/_form.php(14): CActiveForm->dropDownList(Object(KenaikanJabatan), 'jenis_dupak_id', Array)
#4 /home/ata/Project/jabatan/framework/web/CBaseController.php(119): require('/home/ata/Proje...')
#5 /home/ata/Project/jabatan/framework/web/CBaseController.php(88): CBaseController->renderInternal('/home/ata/Proje...', Array, true)
#6 /home/ata/Project/jabatan/framework/web/CController.php(742): CBaseController->renderFile('/home/ata/Proje...', Array, true)
#7 /home/ata/Project/jabatan/protected/views/kenaikanJabatan/create.php(15): CController->renderPartial('_form', Array)
#8 /home/ata/Project/jabatan/framework/web/CBaseController.php(119): require('/home/ata/Proje...')
#9 /home/ata/Project/jabatan/framework/web/CBaseController.php(88): CBaseController->renderInternal('/home/ata/Proje...', Array, true)
#10 /home/ata/Project/jabatan/framework/web/CController.php(742): CBaseController->renderFile('/home/ata/Proje...', Array, true)
#11 /home/ata/Project/jabatan/framework/web/CController.php(681): CController->renderPartial('create', Array, true)
#12 /home/ata/Project/jabatan/protected/controllers/KenaikanJabatanController.php(86): CController->render('create', Array)
#13 /home/ata/Project/jabatan/framework/web/actions/CInlineAction.php(32): KenaikanJabatanController->actionCreate()
#14 /home/ata/Project/jabatan/framework/web/CController.php(300): CInlineAction->run()
#15 /home/ata/Project/jabatan/framework/web/filters/CFilterChain.php(129): CController->runAction(Object(CInlineAction))
#16 /home/ata/Project/jabatan/framework/web/filters/CFilter.php(41): CFilterChain->run()
#17 /home/ata/Project/jabatan/framework/web/CController.php(993): CFilter->filter(Object(CFilterChain))
#18 /home/ata/Project/jabatan/framework/web/filters/CInlineFilter.php(59): CController->filterAccessControl(Object(CFilterChain))
#19 /home/ata/Project/jabatan/framework/web/filters/CFilterChain.php(126): CInlineFilter->filter(Object(CFilterChain))
#20 /home/ata/Project/jabatan/framework/web/CController.php(283): CFilterChain->run()
#21 /home/ata/Project/jabatan/framework/web/CController.php(257): CController->runActionWithFilters(Object(CInlineAction), Array)
#22 /home/ata/Project/jabatan/framework/web/CWebApplication.php(320): CController->run('create')
#23 /home/ata/Project/jabatan/framework/web/CWebApplication.php(120): CWebApplication->runController('kenaikanJabatan...')
#24 /home/ata/Project/jabatan/framework/base/CApplication.php(135): CWebApplication->processRequest()
#25 /home/ata/Project/jabatan/index.php(13): CApplication->run()
#26 {main} REQUEST_URI=/Project/jabatan/kenaikanJabatan/create.html
2010/04/06 19:23:40 [error] [exception.CException] exception 'CException' with message 'Property "Pegawai.jabatan_peneliti" is not defined.' in /home/ata/Project/jabatan/framework/base/CComponent.php:131
Stack trace:
#0 /home/ata/Project/jabatan/framework/db/ar/CActiveRecord.php(107): CComponent->__get('jabatan_penelit...')
#1 /home/ata/Project/jabatan/framework/web/helpers/CHtml.php(1653): CActiveRecord->__get('jabatan_penelit...')
#2 /home/ata/Project/jabatan/framework/web/helpers/CHtml.php(1129): CHtml::activeInputField('text', Object(Pegawai), 'jabatan_penelit...', Array)
#3 /home/ata/Project/jabatan/framework/web/widgets/CActiveForm.php(373): CHtml::activeTextField(Object(Pegawai), 'jabatan_penelit...', Array)
#4 /home/ata/Project/jabatan/protected/views/pegawai/_form.php(53): CActiveForm->textField(Object(Pegawai), 'jabatan_penelit...', Array)
#5 /home/ata/Project/jabatan/framework/web/CBaseController.php(119): require('/home/ata/Proje...')
#6 /home/ata/Project/jabatan/framework/web/CBaseController.php(88): CBaseController->renderInternal('/home/ata/Proje...', Array, true)
#7 /home/ata/Project/jabatan/framework/web/CController.php(742): CBaseController->renderFile('/home/ata/Proje...', Array, true)
#8 /home/ata/Project/jabatan/protected/views/pegawai/create.php(15): CController->renderPartial('_form', Array)
#9 /home/ata/Project/jabatan/framework/web/CBaseController.php(119): require('/home/ata/Proje...')
#10 /home/ata/Project/jabatan/framework/web/CBaseController.php(88): CBaseController->renderInternal('/home/ata/Proje...', Array, true)
#11 /home/ata/Project/jabatan/framework/web/CController.php(742): CBaseController->renderFile('/home/ata/Proje...', Array, true)
#12 /home/ata/Project/jabatan/framework/web/CController.php(681): CController->renderPartial('create', Array, true)
#13 /home/ata/Project/jabatan/protected/controllers/PegawaiController.php(82): CController->render('create', Array)
#14 /home/ata/Project/jabatan/framework/web/actions/CInlineAction.php(32): PegawaiController->actionCreate()
#15 /home/ata/Project/jabatan/framework/web/CController.php(300): CInlineAction->run()
#16 /home/ata/Project/jabatan/framework/web/filters/CFilterChain.php(129): CController->runAction(Object(CInlineAction))
#17 /home/ata/Project/jabatan/framework/web/filters/CFilter.php(41): CFilterChain->run()
#18 /home/ata/Project/jabatan/framework/web/CController.php(993): CFilter->filter(Object(CFilterChain))
#19 /home/ata/Project/jabatan/framework/web/filters/CInlineFilter.php(59): CController->filterAccessControl(Object(CFilterChain))
#20 /home/ata/Project/jabatan/framework/web/filters/CFilterChain.php(126): CInlineFilter->filter(Object(CFilterChain))
#21 /home/ata/Project/jabatan/framework/web/CController.php(283): CFilterChain->run()
#22 /home/ata/Project/jabatan/framework/web/CController.php(257): CController->runActionWithFilters(Object(CInlineAction), Array)
#23 /home/ata/Project/jabatan/framework/web/CWebApplication.php(320): CController->run('create')
#24 /home/ata/Project/jabatan/framework/web/CWebApplication.php(120): CWebApplication->runController('pegawai/create')
#25 /home/ata/Project/jabatan/framework/base/CApplication.php(135): CWebApplication->processRequest()
#26 /home/ata/Project/jabatan/index.php(13): CApplication->run()
#27 {main} REQUEST_URI=/Project/jabatan/pegawai/create.html
2010/04/06 19:25:25 [error] [exception.CHttpException.404] exception 'CHttpException' with message 'Unable to resolve the request "jabatan".' in /home/ata/Project/jabatan/framework/web/CWebApplication.php:324
Stack trace:
#0 /home/ata/Project/jabatan/framework/web/CWebApplication.php(120): CWebApplication->runController('jabatan')
#1 /home/ata/Project/jabatan/framework/base/CApplication.php(135): CWebApplication->processRequest()
#2 /home/ata/Project/jabatan/index.php(13): CApplication->run()
#3 {main} REQUEST_URI=/Project/jabatan/jabatan
2010/04/06 19:25:35 [error] [exception.CHttpException.404] exception 'CHttpException' with message 'Unable to resolve the request "jabatan".' in /home/ata/Project/jabatan/framework/web/CWebApplication.php:324
Stack trace:
#0 /home/ata/Project/jabatan/framework/web/CWebApplication.php(120): CWebApplication->runController('jabatan')
#1 /home/ata/Project/jabatan/framework/base/CApplication.php(135): CWebApplication->processRequest()
#2 /home/ata/Project/jabatan/index.php(13): CApplication->run()
#3 {main} REQUEST_URI=/Project/jabatan/jabatan
2010/04/08 04:20:12 [error] [php] htmlspecialchars() expects parameter 1 to be string, object given (/home/ata/Project/jabatan/framework/web/helpers/CHtml.php:66)
Stack trace:
#0 /home/ata/Project/jabatan/framework/utils/CFormatter.php(102): CFormatter->formatText()
#1 /home/ata/Project/jabatan/framework/zii/widgets/CDetailView.php(202): CFormatter->format()
#2 /home/ata/Project/jabatan/framework/web/CBaseController.php(161): CDetailView->run()
#3 /home/ata/Project/jabatan/protected/views/dupak/_form.php(24): DupakController->widget()
#4 /home/ata/Project/jabatan/framework/web/CBaseController.php(119): require()
#5 /home/ata/Project/jabatan/framework/web/CBaseController.php(88): DupakController->renderInternal()
#6 /home/ata/Project/jabatan/framework/web/CController.php(742): DupakController->renderFile()
#7 /home/ata/Project/jabatan/protected/views/dupak/create.php(15): DupakController->renderPartial()
#8 /home/ata/Project/jabatan/framework/web/CBaseController.php(119): require()
#9 /home/ata/Project/jabatan/framework/web/CBaseController.php(88): DupakController->renderInternal()
#10 /home/ata/Project/jabatan/framework/web/CController.php(742): DupakController->renderFile()
#11 /home/ata/Project/jabatan/framework/web/CController.php(681): DupakController->renderPartial()
#12 /home/ata/Project/jabatan/protected/controllers/DupakController.php(84): DupakController->render()
#13 /home/ata/Project/jabatan/framework/web/actions/CInlineAction.php(32): DupakController->actionCreate()
#14 /home/ata/Project/jabatan/framework/web/CController.php(300): CInlineAction->run()
#15 /home/ata/Project/jabatan/framework/web/filters/CFilterChain.php(129): DupakController->runAction()
#16 /home/ata/Project/jabatan/framework/web/filters/CFilter.php(41): CFilterChain->run()
#17 /home/ata/Project/jabatan/framework/web/CController.php(993): CAccessControlFilter->filter()
#18 /home/ata/Project/jabatan/framework/web/filters/CInlineFilter.php(59): DupakController->filterAccessControl()
#19 /home/ata/Project/jabatan/framework/web/filters/CFilterChain.php(126): CInlineFilter->filter()
#20 /home/ata/Project/jabatan/framework/web/CController.php(283): CFilterChain->run()
#21 /home/ata/Project/jabatan/framework/web/CController.php(257): DupakController->runActionWithFilters()
#22 /home/ata/Project/jabatan/framework/web/CWebApplication.php(320): DupakController->run()
#23 /home/ata/Project/jabatan/framework/web/CWebApplication.php(120): CWebApplication->runController()
#24 /home/ata/Project/jabatan/framework/base/CApplication.php(135): CWebApplication->processRequest()
#25 /home/ata/Project/jabatan/index.php(13): CWebApplication->run()
REQUEST_URI=/Project/jabatan/dupak/create.html
in /home/ata/Project/jabatan/framework/zii/widgets/CDetailView.php (202)
in /home/ata/Project/jabatan/protected/views/dupak/_form.php (24)
in /home/ata/Project/jabatan/protected/views/dupak/create.php (15)
2010/04/08 04:40:46 [error] [php] Undefined index: pegawai_id (/home/ata/Project/jabatan/protected/views/dupak/_form.php:12)
Stack trace:
#0 /home/ata/Project/jabatan/framework/web/CController.php(742): DupakController->renderFile()
#1 /home/ata/Project/jabatan/protected/views/dupak/create.php(15): DupakController->renderPartial()
#2 /home/ata/Project/jabatan/framework/web/CBaseController.php(119): require()
#3 /home/ata/Project/jabatan/framework/web/CBaseController.php(88): DupakController->renderInternal()
#4 /home/ata/Project/jabatan/framework/web/CController.php(742): DupakController->renderFile()
#5 /home/ata/Project/jabatan/framework/web/CController.php(681): DupakController->renderPartial()
#6 /home/ata/Project/jabatan/protected/controllers/DupakController.php(84): DupakController->render()
#7 /home/ata/Project/jabatan/framework/web/actions/CInlineAction.php(32): DupakController->actionCreate()
#8 /home/ata/Project/jabatan/framework/web/CController.php(300): CInlineAction->run()
#9 /home/ata/Project/jabatan/framework/web/filters/CFilterChain.php(129): DupakController->runAction()
#10 /home/ata/Project/jabatan/framework/web/filters/CFilter.php(41): CFilterChain->run()
#11 /home/ata/Project/jabatan/framework/web/CController.php(993): CAccessControlFilter->filter()
#12 /home/ata/Project/jabatan/framework/web/filters/CInlineFilter.php(59): DupakController->filterAccessControl()
#13 /home/ata/Project/jabatan/framework/web/filters/CFilterChain.php(126): CInlineFilter->filter()
#14 /home/ata/Project/jabatan/framework/web/CController.php(283): CFilterChain->run()
#15 /home/ata/Project/jabatan/framework/web/CController.php(257): DupakController->runActionWithFilters()
#16 /home/ata/Project/jabatan/framework/web/CWebApplication.php(320): DupakController->run()
#17 /home/ata/Project/jabatan/framework/web/CWebApplication.php(120): CWebApplication->runController()
#18 /home/ata/Project/jabatan/framework/base/CApplication.php(135): CWebApplication->processRequest()
#19 /home/ata/Project/jabatan/index.php(13): CWebApplication->run()
REQUEST_URI=/Project/jabatan/dupak/create.html
in /home/ata/Project/jabatan/protected/views/dupak/_form.php (12)
in /home/ata/Project/jabatan/protected/views/dupak/create.php (15)
in /home/ata/Project/jabatan/protected/controllers/DupakController.php (84)
2010/04/08 04:41:02 [error] [php] Undefined index: pegawai_id (/home/ata/Project/jabatan/protected/views/dupak/_form.php:12)
Stack trace:
#0 /home/ata/Project/jabatan/framework/web/CController.php(742): DupakController->renderFile()
#1 /home/ata/Project/jabatan/protected/views/dupak/create.php(15): DupakController->renderPartial()
#2 /home/ata/Project/jabatan/framework/web/CBaseController.php(119): require()
#3 /home/ata/Project/jabatan/framework/web/CBaseController.php(88): DupakController->renderInternal()
#4 /home/ata/Project/jabatan/framework/web/CController.php(742): DupakController->renderFile()
#5 /home/ata/Project/jabatan/framework/web/CController.php(681): DupakController->renderPartial()
#6 /home/ata/Project/jabatan/protected/controllers/DupakController.php(84): DupakController->render()
#7 /home/ata/Project/jabatan/framework/web/actions/CInlineAction.php(32): DupakController->actionCreate()
#8 /home/ata/Project/jabatan/framework/web/CController.php(300): CInlineAction->run()
#9 /home/ata/Project/jabatan/framework/web/filters/CFilterChain.php(129): DupakController->runAction()
#10 /home/ata/Project/jabatan/framework/web/filters/CFilter.php(41): CFilterChain->run()
#11 /home/ata/Project/jabatan/framework/web/CController.php(993): CAccessControlFilter->filter()
#12 /home/ata/Project/jabatan/framework/web/filters/CInlineFilter.php(59): DupakController->filterAccessControl()
#13 /home/ata/Project/jabatan/framework/web/filters/CFilterChain.php(126): CInlineFilter->filter()
#14 /home/ata/Project/jabatan/framework/web/CController.php(283): CFilterChain->run()
#15 /home/ata/Project/jabatan/framework/web/CController.php(257): DupakController->runActionWithFilters()
#16 /home/ata/Project/jabatan/framework/web/CWebApplication.php(320): DupakController->run()
#17 /home/ata/Project/jabatan/framework/web/CWebApplication.php(120): CWebApplication->runController()
#18 /home/ata/Project/jabatan/framework/base/CApplication.php(135): CWebApplication->processRequest()
#19 /home/ata/Project/jabatan/index.php(13): CWebApplication->run()
REQUEST_URI=/Project/jabatan/dupak/create.html
in /home/ata/Project/jabatan/protected/views/dupak/_form.php (12)
in /home/ata/Project/jabatan/protected/views/dupak/create.php (15)
in /home/ata/Project/jabatan/protected/controllers/DupakController.php (84)
2010/04/08 05:04:15 [error] [exception.CException] exception 'CException' with message 'Property "Jabatan.pegawaiOption" is not defined.' in /home/ata/Project/jabatan/framework/base/CComponent.php:131
Stack trace:
#0 /home/ata/Project/jabatan/framework/db/ar/CActiveRecord.php(107): CComponent->__get('pegawaiOption')
#1 /home/ata/Project/jabatan/framework/web/helpers/CHtml.php(1591): CActiveRecord->__get('pegawaiOption')
#2 /home/ata/Project/jabatan/framework/web/helpers/CHtml.php(1554): CHtml::value(Object(Jabatan), 'pegawaiOption')
#3 /home/ata/Project/jabatan/protected/views/kenaikanJabatan/_form.php(20): CHtml::listData(Array, 'id', 'pegawaiOption')
#4 /home/ata/Project/jabatan/framework/web/CBaseController.php(119): require('/home/ata/Proje...')
#5 /home/ata/Project/jabatan/framework/web/CBaseController.php(88): CBaseController->renderInternal('/home/ata/Proje...', Array, true)
#6 /home/ata/Project/jabatan/framework/web/CController.php(742): CBaseController->renderFile('/home/ata/Proje...', Array, true)
#7 /home/ata/Project/jabatan/protected/views/kenaikanJabatan/create.php(15): CController->renderPartial('_form', Array)
#8 /home/ata/Project/jabatan/framework/web/CBaseController.php(119): require('/home/ata/Proje...')
#9 /home/ata/Project/jabatan/framework/web/CBaseController.php(88): CBaseController->renderInternal('/home/ata/Proje...', Array, true)
#10 /home/ata/Project/jabatan/framework/web/CController.php(742): CBaseController->renderFile('/home/ata/Proje...', Array, true)
#11 /home/ata/Project/jabatan/framework/web/CController.php(681): CController->renderPartial('create', Array, true)
#12 /home/ata/Project/jabatan/protected/controllers/KenaikanJabatanController.php(86): CController->render('create', Array)
#13 /home/ata/Project/jabatan/framework/web/actions/CInlineAction.php(32): KenaikanJabatanController->actionCreate()
#14 /home/ata/Project/jabatan/framework/web/CController.php(300): CInlineAction->run()
#15 /home/ata/Project/jabatan/framework/web/filters/CFilterChain.php(129): CController->runAction(Object(CInlineAction))
#16 /home/ata/Project/jabatan/framework/web/filters/CFilter.php(41): CFilterChain->run()
#17 /home/ata/Project/jabatan/framework/web/CController.php(993): CFilter->filter(Object(CFilterChain))
#18 /home/ata/Project/jabatan/framework/web/filters/CInlineFilter.php(59): CController->filterAccessControl(Object(CFilterChain))
#19 /home/ata/Project/jabatan/framework/web/filters/CFilterChain.php(126): CInlineFilter->filter(Object(CFilterChain))
#20 /home/ata/Project/jabatan/framework/web/CController.php(283): CFilterChain->run()
#21 /home/ata/Project/jabatan/framework/web/CController.php(257): CController->runActionWithFilters(Object(CInlineAction), Array)
#22 /home/ata/Project/jabatan/framework/web/CWebApplication.php(320): CController->run('create')
#23 /home/ata/Project/jabatan/framework/web/CWebApplication.php(120): CWebApplication->runController('kenaikanJabatan...')
#24 /home/ata/Project/jabatan/framework/base/CApplication.php(135): CWebApplication->processRequest()
#25 /home/ata/Project/jabatan/index.php(13): CApplication->run()
#26 {main} REQUEST_URI=/Project/jabatan/kenaikanJabatan/create.html
2010/04/08 07:03:10 [error] [exception.CHttpException.403] exception 'CHttpException' with message 'You are not authorized to perform this action.' in /home/ata/Project/jabatan/framework/web/auth/CAccessControlFilter.php:153
Stack trace:
#0 /home/ata/Project/jabatan/framework/web/auth/CAccessControlFilter.php(115): CAccessControlFilter->accessDenied(Object(CWebUser), 'You are not aut...')
#1 /home/ata/Project/jabatan/framework/web/filters/CFilter.php(39): CAccessControlFilter->preFilter(Object(CFilterChain))
#2 /home/ata/Project/jabatan/framework/web/CController.php(993): CFilter->filter(Object(CFilterChain))
#3 /home/ata/Project/jabatan/framework/web/filters/CInlineFilter.php(59): CController->filterAccessControl(Object(CFilterChain))
#4 /home/ata/Project/jabatan/framework/web/filters/CFilterChain.php(126): CInlineFilter->filter(Object(CFilterChain))
#5 /home/ata/Project/jabatan/framework/web/CController.php(283): CFilterChain->run()
#6 /home/ata/Project/jabatan/framework/web/CController.php(257): CController->runActionWithFilters(Object(CInlineAction), Array)
#7 /home/ata/Project/jabatan/framework/web/CWebApplication.php(320): CController->run('isiNilai')
#8 /home/ata/Project/jabatan/framework/web/CWebApplication.php(120): CWebApplication->runController('dupak/isiNilai')
#9 /home/ata/Project/jabatan/framework/base/CApplication.php(135): CWebApplication->processRequest()
#10 /home/ata/Project/jabatan/index.php(13): CApplication->run()
#11 {main} REQUEST_URI=/Project/jabatan/dupak/isiNilai.html
2010/04/08 07:05:42 [error] [exception.CHttpException.403] exception 'CHttpException' with message 'You are not authorized to perform this action.' in /home/ata/Project/jabatan/framework/web/auth/CAccessControlFilter.php:153
Stack trace:
#0 /home/ata/Project/jabatan/framework/web/auth/CAccessControlFilter.php(115): CAccessControlFilter->accessDenied(Object(CWebUser), 'You are not aut...')
#1 /home/ata/Project/jabatan/framework/web/filters/CFilter.php(39): CAccessControlFilter->preFilter(Object(CFilterChain))
#2 /home/ata/Project/jabatan/framework/web/CController.php(993): CFilter->filter(Object(CFilterChain))
#3 /home/ata/Project/jabatan/framework/web/filters/CInlineFilter.php(59): CController->filterAccessControl(Object(CFilterChain))
#4 /home/ata/Project/jabatan/framework/web/filters/CFilterChain.php(126): CInlineFilter->filter(Object(CFilterChain))
#5 /home/ata/Project/jabatan/framework/web/CController.php(283): CFilterChain->run()
#6 /home/ata/Project/jabatan/framework/web/CController.php(257): CController->runActionWithFilters(Object(CInlineAction), Array)
#7 /home/ata/Project/jabatan/framework/web/CWebApplication.php(320): CController->run('isiNilai')
#8 /home/ata/Project/jabatan/framework/web/CWebApplication.php(120): CWebApplication->runController('dupak/isiNilai')
#9 /home/ata/Project/jabatan/framework/base/CApplication.php(135): CWebApplication->processRequest()
#10 /home/ata/Project/jabatan/index.php(13): CApplication->run()
#11 {main} REQUEST_URI=/Project/jabatan/dupak/isiNilai.html
2010/04/08 07:55:00 [error] [exception.CException] exception 'CException' with message 'Property "SubUnsur.kegiatans" is not defined.' in /home/ata/Project/jabatan/framework/base/CComponent.php:131
Stack trace:
#0 /home/ata/Project/jabatan/framework/db/ar/CActiveRecord.php(107): CComponent->__get('kegiatans')
#1 /home/ata/Project/jabatan/protected/views/dupak/isiNilai.php(63): CActiveRecord->__get('kegiatans')
#2 /home/ata/Project/jabatan/framework/web/CBaseController.php(119): require('/home/ata/Proje...')
#3 /home/ata/Project/jabatan/framework/web/CBaseController.php(88): CBaseController->renderInternal('/home/ata/Proje...', Array, true)
#4 /home/ata/Project/jabatan/framework/web/CController.php(742): CBaseController->renderFile('/home/ata/Proje...', Array, true)
#5 /home/ata/Project/jabatan/framework/web/CController.php(681): CController->renderPartial('isiNilai', Array, true)
#6 /home/ata/Project/jabatan/protected/controllers/DupakController.php(97): CController->render('isiNilai', Array)
#7 /home/ata/Project/jabatan/framework/web/actions/CInlineAction.php(32): DupakController->actionIsiNilai()
#8 /home/ata/Project/jabatan/framework/web/CController.php(300): CInlineAction->run()
#9 /home/ata/Project/jabatan/framework/web/filters/CFilterChain.php(129): CController->runAction(Object(CInlineAction))
#10 /home/ata/Project/jabatan/framework/web/filters/CFilter.php(41): CFilterChain->run()
#11 /home/ata/Project/jabatan/framework/web/CController.php(993): CFilter->filter(Object(CFilterChain))
#12 /home/ata/Project/jabatan/framework/web/filters/CInlineFilter.php(59): CController->filterAccessControl(Object(CFilterChain))
#13 /home/ata/Project/jabatan/framework/web/filters/CFilterChain.php(126): CInlineFilter->filter(Object(CFilterChain))
#14 /home/ata/Project/jabatan/framework/web/CController.php(283): CFilterChain->run()
#15 /home/ata/Project/jabatan/framework/web/CController.php(257): CController->runActionWithFilters(Object(CInlineAction), Array)
#16 /home/ata/Project/jabatan/framework/web/CWebApplication.php(320): CController->run('isiNilai')
#17 /home/ata/Project/jabatan/framework/web/CWebApplication.php(120): CWebApplication->runController('dupak/isiNilai')
#18 /home/ata/Project/jabatan/framework/base/CApplication.php(135): CWebApplication->processRequest()
#19 /home/ata/Project/jabatan/index.php(13): CApplication->run()
#20 {main} REQUEST_URI=/Project/jabatan/dupak/isiNilai.html
2010/04/08 07:55:57 [error] [system.db.CDbCommand] Error in querying SQL: SELECT `kegiatans`.`id` AS `t1_c0`, `kegiatans`.`nama` AS `t1_c1`, `kegiatans`.`sub_unsur_id` AS `t1_c2` FROM `kegiatan` `kegiatans` WHERE (`kegiatans`.`kegiatan_id`=:ypl0). Bind with parameter :ypl0='1'
in /home/ata/Project/jabatan/protected/views/dupak/isiNilai.php (63)
in /home/ata/Project/jabatan/protected/controllers/DupakController.php (97)
in /home/ata/Project/jabatan/index.php (13)
2010/04/08 07:55:57 [error] [exception.CDbException] exception 'CDbException' with message 'CDbCommand failed to execute the SQL statement: SQLSTATE[42S22]: Column not found: 1054 Unknown column 'kegiatans.kegiatan_id' in 'where clause'' in /home/ata/Project/jabatan/framework/db/CDbCommand.php:375
Stack trace:
#0 /home/ata/Project/jabatan/framework/db/CDbCommand.php(265): CDbCommand->queryInternal('fetchAll', 2, Array)
#1 /home/ata/Project/jabatan/framework/db/ar/CActiveFinder.php(739): CDbCommand->queryAll()
#2 /home/ata/Project/jabatan/framework/db/ar/CActiveFinder.php(479): CJoinElement->runQuery(Object(CJoinQuery))
#3 /home/ata/Project/jabatan/framework/db/ar/CActiveFinder.php(214): CJoinElement->lazyFind(Object(SubUnsur))
#4 /home/ata/Project/jabatan/framework/db/ar/CActiveRecord.php(237): CActiveFinder->lazyFind(Object(SubUnsur))
#5 /home/ata/Project/jabatan/framework/db/ar/CActiveRecord.php(105): CActiveRecord->getRelated('kegiatans')
#6 /home/ata/Project/jabatan/protected/views/dupak/isiNilai.php(63): CActiveRecord->__get('kegiatans')
#7 /home/ata/Project/jabatan/framework/web/CBaseController.php(119): require('/home/ata/Proje...')
#8 /home/ata/Project/jabatan/framework/web/CBaseController.php(88): CBaseController->renderInternal('/home/ata/Proje...', Array, true)
#9 /home/ata/Project/jabatan/framework/web/CController.php(742): CBaseController->renderFile('/home/ata/Proje...', Array, true)
#10 /home/ata/Project/jabatan/framework/web/CController.php(681): CController->renderPartial('isiNilai', Array, true)
#11 /home/ata/Project/jabatan/protected/controllers/DupakController.php(97): CController->render('isiNilai', Array)
#12 /home/ata/Project/jabatan/framework/web/actions/CInlineAction.php(32): DupakController->actionIsiNilai()
#13 /home/ata/Project/jabatan/framework/web/CController.php(300): CInlineAction->run()
#14 /home/ata/Project/jabatan/framework/web/filters/CFilterChain.php(129): CController->runAction(Object(CInlineAction))
#15 /home/ata/Project/jabatan/framework/web/filters/CFilter.php(41): CFilterChain->run()
#16 /home/ata/Project/jabatan/framework/web/CController.php(993): CFilter->filter(Object(CFilterChain))
#17 /home/ata/Project/jabatan/framework/web/filters/CInlineFilter.php(59): CController->filterAccessControl(Object(CFilterChain))
#18 /home/ata/Project/jabatan/framework/web/filters/CFilterChain.php(126): CInlineFilter->filter(Object(CFilterChain))
#19 /home/ata/Project/jabatan/framework/web/CController.php(283): CFilterChain->run()
#20 /home/ata/Project/jabatan/framework/web/CController.php(257): CController->runActionWithFilters(Object(CInlineAction), Array)
#21 /home/ata/Project/jabatan/framework/web/CWebApplication.php(320): CController->run('isiNilai')
#22 /home/ata/Project/jabatan/framework/web/CWebApplication.php(120): CWebApplication->runController('dupak/isiNilai')
#23 /home/ata/Project/jabatan/framework/base/CApplication.php(135): CWebApplication->processRequest()
#24 /home/ata/Project/jabatan/index.php(13): CApplication->run()
#25 {main} REQUEST_URI=/Project/jabatan/dupak/isiNilai.html
2010/04/08 07:56:15 [error] [system.db.CDbCommand] Error in querying SQL: SELECT `kegiatans`.`id` AS `t1_c0`, `kegiatans`.`nama` AS `t1_c1`, `kegiatans`.`sub_unsur_id` AS `t1_c2` FROM `kegiatan` `kegiatans` WHERE (`kegiatans`.`sub_insur_id`=:ypl0). Bind with parameter :ypl0='1'
in /home/ata/Project/jabatan/protected/views/dupak/isiNilai.php (63)
in /home/ata/Project/jabatan/protected/controllers/DupakController.php (97)
in /home/ata/Project/jabatan/index.php (13)
2010/04/08 07:56:15 [error] [exception.CDbException] exception 'CDbException' with message 'CDbCommand failed to execute the SQL statement: SQLSTATE[42S22]: Column not found: 1054 Unknown column 'kegiatans.sub_insur_id' in 'where clause'' in /home/ata/Project/jabatan/framework/db/CDbCommand.php:375
Stack trace:
#0 /home/ata/Project/jabatan/framework/db/CDbCommand.php(265): CDbCommand->queryInternal('fetchAll', 2, Array)
#1 /home/ata/Project/jabatan/framework/db/ar/CActiveFinder.php(739): CDbCommand->queryAll()
#2 /home/ata/Project/jabatan/framework/db/ar/CActiveFinder.php(479): CJoinElement->runQuery(Object(CJoinQuery))
#3 /home/ata/Project/jabatan/framework/db/ar/CActiveFinder.php(214): CJoinElement->lazyFind(Object(SubUnsur))
#4 /home/ata/Project/jabatan/framework/db/ar/CActiveRecord.php(237): CActiveFinder->lazyFind(Object(SubUnsur))
#5 /home/ata/Project/jabatan/framework/db/ar/CActiveRecord.php(105): CActiveRecord->getRelated('kegiatans')
#6 /home/ata/Project/jabatan/protected/views/dupak/isiNilai.php(63): CActiveRecord->__get('kegiatans')
#7 /home/ata/Project/jabatan/framework/web/CBaseController.php(119): require('/home/ata/Proje...')
#8 /home/ata/Project/jabatan/framework/web/CBaseController.php(88): CBaseController->renderInternal('/home/ata/Proje...', Array, true)
#9 /home/ata/Project/jabatan/framework/web/CController.php(742): CBaseController->renderFile('/home/ata/Proje...', Array, true)
#10 /home/ata/Project/jabatan/framework/web/CController.php(681): CController->renderPartial('isiNilai', Array, true)
#11 /home/ata/Project/jabatan/protected/controllers/DupakController.php(97): CController->render('isiNilai', Array)
#12 /home/ata/Project/jabatan/framework/web/actions/CInlineAction.php(32): DupakController->actionIsiNilai()
#13 /home/ata/Project/jabatan/framework/web/CController.php(300): CInlineAction->run()
#14 /home/ata/Project/jabatan/framework/web/filters/CFilterChain.php(129): CController->runAction(Object(CInlineAction))
#15 /home/ata/Project/jabatan/framework/web/filters/CFilter.php(41): CFilterChain->run()
#16 /home/ata/Project/jabatan/framework/web/CController.php(993): CFilter->filter(Object(CFilterChain))
#17 /home/ata/Project/jabatan/framework/web/filters/CInlineFilter.php(59): CController->filterAccessControl(Object(CFilterChain))
#18 /home/ata/Project/jabatan/framework/web/filters/CFilterChain.php(126): CInlineFilter->filter(Object(CFilterChain))
#19 /home/ata/Project/jabatan/framework/web/CController.php(283): CFilterChain->run()
#20 /home/ata/Project/jabatan/framework/web/CController.php(257): CController->runActionWithFilters(Object(CInlineAction), Array)
#21 /home/ata/Project/jabatan/framework/web/CWebApplication.php(320): CController->run('isiNilai')
#22 /home/ata/Project/jabatan/framework/web/CWebApplication.php(120): CWebApplication->runController('dupak/isiNilai')
#23 /home/ata/Project/jabatan/framework/base/CApplication.php(135): CWebApplication->processRequest()
#24 /home/ata/Project/jabatan/index.php(13): CApplication->run()
#25 {main} REQUEST_URI=/Project/jabatan/dupak/isiNilai.html
2010/04/08 07:56:36 [error] [exception.CException] exception 'CException' with message 'Property "SubUnsur.kegiatans" is not defined.' in /home/ata/Project/jabatan/framework/base/CComponent.php:131
Stack trace:
#0 /home/ata/Project/jabatan/framework/db/ar/CActiveRecord.php(107): CComponent->__get('kegiatans')
#1 /home/ata/Project/jabatan/protected/views/dupak/isiNilai.php(63): CActiveRecord->__get('kegiatans')
#2 /home/ata/Project/jabatan/framework/web/CBaseController.php(119): require('/home/ata/Proje...')
#3 /home/ata/Project/jabatan/framework/web/CBaseController.php(88): CBaseController->renderInternal('/home/ata/Proje...', Array, true)
#4 /home/ata/Project/jabatan/framework/web/CController.php(742): CBaseController->renderFile('/home/ata/Proje...', Array, true)
#5 /home/ata/Project/jabatan/framework/web/CController.php(681): CController->renderPartial('isiNilai', Array, true)
#6 /home/ata/Project/jabatan/protected/controllers/DupakController.php(97): CController->render('isiNilai', Array)
#7 /home/ata/Project/jabatan/framework/web/actions/CInlineAction.php(32): DupakController->actionIsiNilai()
#8 /home/ata/Project/jabatan/framework/web/CController.php(300): CInlineAction->run()
#9 /home/ata/Project/jabatan/framework/web/filters/CFilterChain.php(129): CController->runAction(Object(CInlineAction))
#10 /home/ata/Project/jabatan/framework/web/filters/CFilter.php(41): CFilterChain->run()
#11 /home/ata/Project/jabatan/framework/web/CController.php(993): CFilter->filter(Object(CFilterChain))
#12 /home/ata/Project/jabatan/framework/web/filters/CInlineFilter.php(59): CController->filterAccessControl(Object(CFilterChain))
#13 /home/ata/Project/jabatan/framework/web/filters/CFilterChain.php(126): CInlineFilter->filter(Object(CFilterChain))
#14 /home/ata/Project/jabatan/framework/web/CController.php(283): CFilterChain->run()
#15 /home/ata/Project/jabatan/framework/web/CController.php(257): CController->runActionWithFilters(Object(CInlineAction), Array)
#16 /home/ata/Project/jabatan/framework/web/CWebApplication.php(320): CController->run('isiNilai')
#17 /home/ata/Project/jabatan/framework/web/CWebApplication.php(120): CWebApplication->runController('dupak/isiNilai')
#18 /home/ata/Project/jabatan/framework/base/CApplication.php(135): CWebApplication->processRequest()
#19 /home/ata/Project/jabatan/index.php(13): CApplication->run()
#20 {main} REQUEST_URI=/Project/jabatan/dupak/isiNilai.html
2010/04/08 07:57:09 [error] [system.db.CDbCommand] Error in querying SQL: SELECT `kegiatans`.`id` AS `t1_c0`, `kegiatans`.`nama` AS `t1_c1`, `kegiatans`.`sub_unsur_id` AS `t1_c2` FROM `kegiatan` `kegiatans` WHERE (`kegiatans`.`sub_insur_id`=:ypl0). Bind with parameter :ypl0='1'
in /home/ata/Project/jabatan/protected/views/dupak/isiNilai.php (63)
in /home/ata/Project/jabatan/protected/controllers/DupakController.php (97)
in /home/ata/Project/jabatan/index.php (13)
2010/04/08 07:57:09 [error] [exception.CDbException] exception 'CDbException' with message 'CDbCommand failed to execute the SQL statement: SQLSTATE[42S22]: Column not found: 1054 Unknown column 'kegiatans.sub_insur_id' in 'where clause'' in /home/ata/Project/jabatan/framework/db/CDbCommand.php:375
Stack trace:
#0 /home/ata/Project/jabatan/framework/db/CDbCommand.php(265): CDbCommand->queryInternal('fetchAll', 2, Array)
#1 /home/ata/Project/jabatan/framework/db/ar/CActiveFinder.php(739): CDbCommand->queryAll()
#2 /home/ata/Project/jabatan/framework/db/ar/CActiveFinder.php(479): CJoinElement->runQuery(Object(CJoinQuery))
#3 /home/ata/Project/jabatan/framework/db/ar/CActiveFinder.php(214): CJoinElement->lazyFind(Object(SubUnsur))
#4 /home/ata/Project/jabatan/framework/db/ar/CActiveRecord.php(237): CActiveFinder->lazyFind(Object(SubUnsur))
#5 /home/ata/Project/jabatan/framework/db/ar/CActiveRecord.php(105): CActiveRecord->getRelated('kegiatans')
#6 /home/ata/Project/jabatan/protected/views/dupak/isiNilai.php(63): CActiveRecord->__get('kegiatans')
#7 /home/ata/Project/jabatan/framework/web/CBaseController.php(119): require('/home/ata/Proje...')
#8 /home/ata/Project/jabatan/framework/web/CBaseController.php(88): CBaseController->renderInternal('/home/ata/Proje...', Array, true)
#9 /home/ata/Project/jabatan/framework/web/CController.php(742): CBaseController->renderFile('/home/ata/Proje...', Array, true)
#10 /home/ata/Project/jabatan/framework/web/CController.php(681): CController->renderPartial('isiNilai', Array, true)
#11 /home/ata/Project/jabatan/protected/controllers/DupakController.php(97): CController->render('isiNilai', Array)
#12 /home/ata/Project/jabatan/framework/web/actions/CInlineAction.php(32): DupakController->actionIsiNilai()
#13 /home/ata/Project/jabatan/framework/web/CController.php(300): CInlineAction->run()
#14 /home/ata/Project/jabatan/framework/web/filters/CFilterChain.php(129): CController->runAction(Object(CInlineAction))
#15 /home/ata/Project/jabatan/framework/web/filters/CFilter.php(41): CFilterChain->run()
#16 /home/ata/Project/jabatan/framework/web/CController.php(993): CFilter->filter(Object(CFilterChain))
#17 /home/ata/Project/jabatan/framework/web/filters/CInlineFilter.php(59): CController->filterAccessControl(Object(CFilterChain))
#18 /home/ata/Project/jabatan/framework/web/filters/CFilterChain.php(126): CInlineFilter->filter(Object(CFilterChain))
#19 /home/ata/Project/jabatan/framework/web/CController.php(283): CFilterChain->run()
#20 /home/ata/Project/jabatan/framework/web/CController.php(257): CController->runActionWithFilters(Object(CInlineAction), Array)
#21 /home/ata/Project/jabatan/framework/web/CWebApplication.php(320): CController->run('isiNilai')
#22 /home/ata/Project/jabatan/framework/web/CWebApplication.php(120): CWebApplication->runController('dupak/isiNilai')
#23 /home/ata/Project/jabatan/framework/base/CApplication.php(135): CWebApplication->processRequest()
#24 /home/ata/Project/jabatan/index.php(13): CApplication->run()
#25 {main} REQUEST_URI=/Project/jabatan/dupak/isiNilai.html
2010/04/08 07:57:46 [error] [exception.CException] exception 'CException' with message 'Property "SubUnsur.kegiatans" is not defined.' in /home/ata/Project/jabatan/framework/base/CComponent.php:131
Stack trace:
#0 /home/ata/Project/jabatan/framework/db/ar/CActiveRecord.php(107): CComponent->__get('kegiatans')
#1 /home/ata/Project/jabatan/protected/views/dupak/isiNilai.php(63): CActiveRecord->__get('kegiatans')
#2 /home/ata/Project/jabatan/framework/web/CBaseController.php(119): require('/home/ata/Proje...')
#3 /home/ata/Project/jabatan/framework/web/CBaseController.php(88): CBaseController->renderInternal('/home/ata/Proje...', Array, true)
#4 /home/ata/Project/jabatan/framework/web/CController.php(742): CBaseController->renderFile('/home/ata/Proje...', Array, true)
#5 /home/ata/Project/jabatan/framework/web/CController.php(681): CController->renderPartial('isiNilai', Array, true)
#6 /home/ata/Project/jabatan/protected/controllers/DupakController.php(97): CController->render('isiNilai', Array)
#7 /home/ata/Project/jabatan/framework/web/actions/CInlineAction.php(32): DupakController->actionIsiNilai()
#8 /home/ata/Project/jabatan/framework/web/CController.php(300): CInlineAction->run()
#9 /home/ata/Project/jabatan/framework/web/filters/CFilterChain.php(129): CController->runAction(Object(CInlineAction))
#10 /home/ata/Project/jabatan/framework/web/filters/CFilter.php(41): CFilterChain->run()
#11 /home/ata/Project/jabatan/framework/web/CController.php(993): CFilter->filter(Object(CFilterChain))
#12 /home/ata/Project/jabatan/framework/web/filters/CInlineFilter.php(59): CController->filterAccessControl(Object(CFilterChain))
#13 /home/ata/Project/jabatan/framework/web/filters/CFilterChain.php(126): CInlineFilter->filter(Object(CFilterChain))
#14 /home/ata/Project/jabatan/framework/web/CController.php(283): CFilterChain->run()
#15 /home/ata/Project/jabatan/framework/web/CController.php(257): CController->runActionWithFilters(Object(CInlineAction), Array)
#16 /home/ata/Project/jabatan/framework/web/CWebApplication.php(320): CController->run('isiNilai')
#17 /home/ata/Project/jabatan/framework/web/CWebApplication.php(120): CWebApplication->runController('dupak/isiNilai')
#18 /home/ata/Project/jabatan/framework/base/CApplication.php(135): CWebApplication->processRequest()
#19 /home/ata/Project/jabatan/index.php(13): CApplication->run()
#20 {main} REQUEST_URI=/Project/jabatan/dupak/isiNilai.html
2010/04/08 07:58:21 [error] [system.db.CDbCommand] Error in querying SQL: SELECT `kegiatans`.`id` AS `t1_c0`, `kegiatans`.`nama` AS `t1_c1`, `kegiatans`.`sub_unsur_id` AS `t1_c2` FROM `kegiatan` `kegiatans` WHERE (`kegiatans`.`sub_insur_id`=:ypl0). Bind with parameter :ypl0='1'
in /home/ata/Project/jabatan/protected/views/dupak/isiNilai.php (63)
in /home/ata/Project/jabatan/protected/controllers/DupakController.php (97)
in /home/ata/Project/jabatan/index.php (13)
2010/04/08 07:58:21 [error] [exception.CDbException] exception 'CDbException' with message 'CDbCommand failed to execute the SQL statement: SQLSTATE[42S22]: Column not found: 1054 Unknown column 'kegiatans.sub_insur_id' in 'where clause'' in /home/ata/Project/jabatan/framework/db/CDbCommand.php:375
Stack trace:
#0 /home/ata/Project/jabatan/framework/db/CDbCommand.php(265): CDbCommand->queryInternal('fetchAll', 2, Array)
#1 /home/ata/Project/jabatan/framework/db/ar/CActiveFinder.php(739): CDbCommand->queryAll()
#2 /home/ata/Project/jabatan/framework/db/ar/CActiveFinder.php(479): CJoinElement->runQuery(Object(CJoinQuery))
#3 /home/ata/Project/jabatan/framework/db/ar/CActiveFinder.php(214): CJoinElement->lazyFind(Object(SubUnsur))
#4 /home/ata/Project/jabatan/framework/db/ar/CActiveRecord.php(237): CActiveFinder->lazyFind(Object(SubUnsur))
#5 /home/ata/Project/jabatan/framework/db/ar/CActiveRecord.php(105): CActiveRecord->getRelated('kegiatans')
#6 /home/ata/Project/jabatan/protected/views/dupak/isiNilai.php(63): CActiveRecord->__get('kegiatans')
#7 /home/ata/Project/jabatan/framework/web/CBaseController.php(119): require('/home/ata/Proje...')
#8 /home/ata/Project/jabatan/framework/web/CBaseController.php(88): CBaseController->renderInternal('/home/ata/Proje...', Array, true)
#9 /home/ata/Project/jabatan/framework/web/CController.php(742): CBaseController->renderFile('/home/ata/Proje...', Array, true)
#10 /home/ata/Project/jabatan/framework/web/CController.php(681): CController->renderPartial('isiNilai', Array, true)
#11 /home/ata/Project/jabatan/protected/controllers/DupakController.php(97): CController->render('isiNilai', Array)
#12 /home/ata/Project/jabatan/framework/web/actions/CInlineAction.php(32): DupakController->actionIsiNilai()
#13 /home/ata/Project/jabatan/framework/web/CController.php(300): CInlineAction->run()
#14 /home/ata/Project/jabatan/framework/web/filters/CFilterChain.php(129): CController->runAction(Object(CInlineAction))
#15 /home/ata/Project/jabatan/framework/web/filters/CFilter.php(41): CFilterChain->run()
#16 /home/ata/Project/jabatan/framework/web/CController.php(993): CFilter->filter(Object(CFilterChain))
#17 /home/ata/Project/jabatan/framework/web/filters/CInlineFilter.php(59): CController->filterAccessControl(Object(CFilterChain))
#18 /home/ata/Project/jabatan/framework/web/filters/CFilterChain.php(126): CInlineFilter->filter(Object(CFilterChain))
#19 /home/ata/Project/jabatan/framework/web/CController.php(283): CFilterChain->run()
#20 /home/ata/Project/jabatan/framework/web/CController.php(257): CController->runActionWithFilters(Object(CInlineAction), Array)
#21 /home/ata/Project/jabatan/framework/web/CWebApplication.php(320): CController->run('isiNilai')
#22 /home/ata/Project/jabatan/framework/web/CWebApplication.php(120): CWebApplication->runController('dupak/isiNilai')
#23 /home/ata/Project/jabatan/framework/base/CApplication.php(135): CWebApplication->processRequest()
#24 /home/ata/Project/jabatan/index.php(13): CApplication->run()
#25 {main} REQUEST_URI=/Project/jabatan/dupak/isiNilai.html
2010/04/08 07:59:03 [error] [system.db.CDbCommand] Error in querying SQL: SELECT `kegiatan`.`id` AS `t1_c0`, `kegiatan`.`nama` AS `t1_c1`, `kegiatan`.`sub_unsur_id` AS `t1_c2` FROM `kegiatan` `kegiatan` WHERE (`kegiatan`.`sub_insur_id`=:ypl0). Bind with parameter :ypl0='1'
in /home/ata/Project/jabatan/protected/views/dupak/isiNilai.php (63)
in /home/ata/Project/jabatan/protected/controllers/DupakController.php (97)
in /home/ata/Project/jabatan/index.php (13)
2010/04/08 07:59:03 [error] [exception.CDbException] exception 'CDbException' with message 'CDbCommand failed to execute the SQL statement: SQLSTATE[42S22]: Column not found: 1054 Unknown column 'kegiatan.sub_insur_id' in 'where clause'' in /home/ata/Project/jabatan/framework/db/CDbCommand.php:375
Stack trace:
#0 /home/ata/Project/jabatan/framework/db/CDbCommand.php(265): CDbCommand->queryInternal('fetchAll', 2, Array)
#1 /home/ata/Project/jabatan/framework/db/ar/CActiveFinder.php(739): CDbCommand->queryAll()
#2 /home/ata/Project/jabatan/framework/db/ar/CActiveFinder.php(479): CJoinElement->runQuery(Object(CJoinQuery))
#3 /home/ata/Project/jabatan/framework/db/ar/CActiveFinder.php(214): CJoinElement->lazyFind(Object(SubUnsur))
#4 /home/ata/Project/jabatan/framework/db/ar/CActiveRecord.php(237): CActiveFinder->lazyFind(Object(SubUnsur))
#5 /home/ata/Project/jabatan/framework/db/ar/CActiveRecord.php(105): CActiveRecord->getRelated('kegiatan')
#6 /home/ata/Project/jabatan/protected/views/dupak/isiNilai.php(63): CActiveRecord->__get('kegiatan')
#7 /home/ata/Project/jabatan/framework/web/CBaseController.php(119): require('/home/ata/Proje...')
#8 /home/ata/Project/jabatan/framework/web/CBaseController.php(88): CBaseController->renderInternal('/home/ata/Proje...', Array, true)
#9 /home/ata/Project/jabatan/framework/web/CController.php(742): CBaseController->renderFile('/home/ata/Proje...', Array, true)
#10 /home/ata/Project/jabatan/framework/web/CController.php(681): CController->renderPartial('isiNilai', Array, true)
#11 /home/ata/Project/jabatan/protected/controllers/DupakController.php(97): CController->render('isiNilai', Array)
#12 /home/ata/Project/jabatan/framework/web/actions/CInlineAction.php(32): DupakController->actionIsiNilai()
#13 /home/ata/Project/jabatan/framework/web/CController.php(300): CInlineAction->run()
#14 /home/ata/Project/jabatan/framework/web/filters/CFilterChain.php(129): CController->runAction(Object(CInlineAction))
#15 /home/ata/Project/jabatan/framework/web/filters/CFilter.php(41): CFilterChain->run()
#16 /home/ata/Project/jabatan/framework/web/CController.php(993): CFilter->filter(Object(CFilterChain))
#17 /home/ata/Project/jabatan/framework/web/filters/CInlineFilter.php(59): CController->filterAccessControl(Object(CFilterChain))
#18 /home/ata/Project/jabatan/framework/web/filters/CFilterChain.php(126): CInlineFilter->filter(Object(CFilterChain))
#19 /home/ata/Project/jabatan/framework/web/CController.php(283): CFilterChain->run()
#20 /home/ata/Project/jabatan/framework/web/CController.php(257): CController->runActionWithFilters(Object(CInlineAction), Array)
#21 /home/ata/Project/jabatan/framework/web/CWebApplication.php(320): CController->run('isiNilai')
#22 /home/ata/Project/jabatan/framework/web/CWebApplication.php(120): CWebApplication->runController('dupak/isiNilai')
#23 /home/ata/Project/jabatan/framework/base/CApplication.php(135): CWebApplication->processRequest()
#24 /home/ata/Project/jabatan/index.php(13): CApplication->run()
#25 {main} REQUEST_URI=/Project/jabatan/dupak/isiNilai.html
2010/04/08 07:59:20 [error] [exception.CException] exception 'CException' with message 'Property "SubUnsur.kegiatans" is not defined.' in /home/ata/Project/jabatan/framework/base/CComponent.php:131
Stack trace:
#0 /home/ata/Project/jabatan/framework/db/ar/CActiveRecord.php(107): CComponent->__get('kegiatans')
#1 /home/ata/Project/jabatan/protected/views/dupak/isiNilai.php(63): CActiveRecord->__get('kegiatans')
#2 /home/ata/Project/jabatan/framework/web/CBaseController.php(119): require('/home/ata/Proje...')
#3 /home/ata/Project/jabatan/framework/web/CBaseController.php(88): CBaseController->renderInternal('/home/ata/Proje...', Array, true)
#4 /home/ata/Project/jabatan/framework/web/CController.php(742): CBaseController->renderFile('/home/ata/Proje...', Array, true)
#5 /home/ata/Project/jabatan/framework/web/CController.php(681): CController->renderPartial('isiNilai', Array, true)
#6 /home/ata/Project/jabatan/protected/controllers/DupakController.php(97): CController->render('isiNilai', Array)
#7 /home/ata/Project/jabatan/framework/web/actions/CInlineAction.php(32): DupakController->actionIsiNilai()
#8 /home/ata/Project/jabatan/framework/web/CController.php(300): CInlineAction->run()
#9 /home/ata/Project/jabatan/framework/web/filters/CFilterChain.php(129): CController->runAction(Object(CInlineAction))
#10 /home/ata/Project/jabatan/framework/web/filters/CFilter.php(41): CFilterChain->run()
#11 /home/ata/Project/jabatan/framework/web/CController.php(993): CFilter->filter(Object(CFilterChain))
#12 /home/ata/Project/jabatan/framework/web/filters/CInlineFilter.php(59): CController->filterAccessControl(Object(CFilterChain))
#13 /home/ata/Project/jabatan/framework/web/filters/CFilterChain.php(126): CInlineFilter->filter(Object(CFilterChain))
#14 /home/ata/Project/jabatan/framework/web/CController.php(283): CFilterChain->run()
#15 /home/ata/Project/jabatan/framework/web/CController.php(257): CController->runActionWithFilters(Object(CInlineAction), Array)
#16 /home/ata/Project/jabatan/framework/web/CWebApplication.php(320): CController->run('isiNilai')
#17 /home/ata/Project/jabatan/framework/web/CWebApplication.php(120): CWebApplication->runController('dupak/isiNilai')
#18 /home/ata/Project/jabatan/framework/base/CApplication.php(135): CWebApplication->processRequest()
#19 /home/ata/Project/jabatan/index.php(13): CApplication->run()
#20 {main} REQUEST_URI=/Project/jabatan/dupak/isiNilai.html
2010/04/08 08:06:50 [error] [exception.CDbException] exception 'CDbException' with message 'Active record "ButirKegiatan" has an invalid configuration for relation "childs". It must specify the relation type, the related active record class and the foreign key.' in /home/ata/Project/jabatan/framework/db/ar/CActiveRecord.php:1970
Stack trace:
#0 /home/ata/Project/jabatan/framework/db/ar/CActiveRecord.php(329): CActiveRecordMetaData->__construct(Object(ButirKegiatan))
#1 /home/ata/Project/jabatan/framework/db/ar/CActiveFinder.php(257): CActiveRecord::model('ButirKegiatan')
#2 /home/ata/Project/jabatan/framework/db/ar/CActiveFinder.php(51): CActiveFinder->buildJoinTree(Object(CJoinElement), 'butirs')
#3 /home/ata/Project/jabatan/framework/db/ar/CActiveRecord.php(236): CActiveFinder->__construct(Object(Kegiatan), 'butirs')
#4 /home/ata/Project/jabatan/framework/db/ar/CActiveRecord.php(105): CActiveRecord->getRelated('butirs')
#5 /home/ata/Project/jabatan/protected/views/dupak/isiNilai.php(68): CActiveRecord->__get('butirs')
#6 /home/ata/Project/jabatan/framework/web/CBaseController.php(119): require('/home/ata/Proje...')
#7 /home/ata/Project/jabatan/framework/web/CBaseController.php(88): CBaseController->renderInternal('/home/ata/Proje...', Array, true)
#8 /home/ata/Project/jabatan/framework/web/CController.php(742): CBaseController->renderFile('/home/ata/Proje...', Array, true)
#9 /home/ata/Project/jabatan/framework/web/CController.php(681): CController->renderPartial('isiNilai', Array, true)
#10 /home/ata/Project/jabatan/protected/controllers/DupakController.php(97): CController->render('isiNilai', Array)
#11 /home/ata/Project/jabatan/framework/web/actions/CInlineAction.php(32): DupakController->actionIsiNilai()
#12 /home/ata/Project/jabatan/framework/web/CController.php(300): CInlineAction->run()
#13 /home/ata/Project/jabatan/framework/web/filters/CFilterChain.php(129): CController->runAction(Object(CInlineAction))
#14 /home/ata/Project/jabatan/framework/web/filters/CFilter.php(41): CFilterChain->run()
#15 /home/ata/Project/jabatan/framework/web/CController.php(993): CFilter->filter(Object(CFilterChain))
#16 /home/ata/Project/jabatan/framework/web/filters/CInlineFilter.php(59): CController->filterAccessControl(Object(CFilterChain))
#17 /home/ata/Project/jabatan/framework/web/filters/CFilterChain.php(126): CInlineFilter->filter(Object(CFilterChain))
#18 /home/ata/Project/jabatan/framework/web/CController.php(283): CFilterChain->run()
#19 /home/ata/Project/jabatan/framework/web/CController.php(257): CController->runActionWithFilters(Object(CInlineAction), Array)
#20 /home/ata/Project/jabatan/framework/web/CWebApplication.php(320): CController->run('isiNilai')
#21 /home/ata/Project/jabatan/framework/web/CWebApplication.php(120): CWebApplication->runController('dupak/isiNilai')
#22 /home/ata/Project/jabatan/framework/base/CApplication.php(135): CWebApplication->processRequest()
#23 /home/ata/Project/jabatan/index.php(13): CApplication->run()
#24 {main} REQUEST_URI=/Project/jabatan/dupak/isiNilai.html
